1746633257092	geckodriver	INFO	Listening on 127.0.0.1:57496
1746633260159	mozrunner::runner	INFO	Running command: "C:\\Program Files\\Mozilla Firefox\\firefox.exe" "--marionette" "--remote-debugging-port" "57497" "--remote-allow-hosts" "localhost" "-no-remote" "-profile" "C:\\Users\\PC\\AppData\\Local\\Temp\\rust_mozprofileJQIaSE"
console.warn: services.settings: Ignoring preference override of remote settings server
console.warn: services.settings: Allow by setting MOZ_REMOTE_SETTINGS_DEVTOOLS=1 in the environment
Dynamically enable window occlusion 0
1746633260450	Marionette	INFO	Marionette enabled
1746633260571	Marionette	INFO	Listening on port 57506
WebDriver BiDi listening on ws://127.0.0.1:57497
Read port: 57506
1746633260719	RemoteAgent	WARN	TLS certificate errors will be ignored for this session
JavaScript warning: https://pagead2.googlesyndication.com/bg/9upIlsdSlzZXG2sMSxOkhCgMP3orW_MNEdJuRkFEMXo.js line 2 > eval line 7801 > eval line 1 > eval line 1 > eval, line 1: WEBGL_debug_renderer_info is deprecated in Firefox and will be removed. Please use RENDERER.
JavaScript warning: https://pagead2.googlesyndication.com/bg/9upIlsdSlzZXG2sMSxOkhCgMP3orW_MNEdJuRkFEMXo.js line 2 > eval line 5161 > eval line 1 > eval line 1 > eval, line 1: WEBGL_debug_renderer_info is deprecated in Firefox and will be removed. Please use RENDERER.
1746633290225	Marionette	INFO	Stopped listening on port 57506
Dynamically enable window occlusion 1
JavaScript warning: https://www.googletagmanager.com/gtag/js?id=G-MVRXK93D28&l=dataLayer&cx=c&gtm=45He5551v855226469za200&tag_exp=101509156~103101750~103101752~103116026~103130495~103130497~103200004~103211513~103231718~103231720~103233424~103251618~103251620~103252644~103252646~103284320~103284322, line 749: Script terminated by timeout at:
k.fj@https://www.googletagmanager.com/gtag/js?id=G-MVRXK93D28&l=dataLayer&cx=c&gtm=45He5551v855226469za200&tag_exp=101509156~103101750~103101752~103116026~103130495~103130497~103200004~103211513~103231718~103231720~103233424~103251618~103251620~103252644~103252646~103284320~103284322:749:30
get@https://www.googletagmanager.com/gtag/js?id=G-MVRXK93D28&l=dataLayer&cx=c&gtm=45He5551v855226469za200&tag_exp=101509156~103101750~103101752~103116026~103130495~103130497~103200004~103211513~103231718~103231720~103233424~103251618~103251620~103252644~103252646~103284320~103284322:747:119
stop@https://www.googletagmanager.com/gtag/js?id=G-MVRXK93D28&l=dataLayer&cx=c&gtm=45He5551v855226469za200&tag_exp=101509156~103101750~103101752~103116026~103130495~103130497~103200004~103211513~103231718~103231720~103233424~103251618~103251620~103252644~103252646~103284320~103284322:747:87
k.Dn/c/<@https://www.googletagmanager.com/gtag/js?id=G-MVRXK93D28&l=dataLayer&cx=c&gtm=45He5551v855226469za200&tag_exp=101509156~103101750~103101752~103116026~103130495~103130497~103200004~103211513~103231718~103231720~103233424~103251618~103251620~103252644~103252646~103284320~103284322:747:410

JavaScript warning: https://tpc.googlesyndication.com/pagead/js/r20250505/r20110914/client/window_focus_fy2021.js, line 7: Script terminated by timeout at:
u/<@https://tpc.googlesyndication.com/pagead/js/r20250505/r20110914/client/window_focus_fy2021.js:7:794

JavaScript warning: https://gum.criteo.com/syncframe?origin=publishertagids&topUrl=demoqa.com#{%22bundle%22:{%22origin%22:0},%22optout%22:{%22value%22:false,%22origin%22:0},%22tld%22:%22demoqa.com%22,%22topUrl%22:%22demoqa.com%22,%22version%22:160,%22origin%22:%22publishertagids%22,%22requestId%22:%220.42649999892092916%22}, line 13: Script terminated by timeout at:
r.prototype.flushEventQueue@https://gum.criteo.com/syncframe?origin=publishertagids&topUrl=demoqa.com#{%22bundle%22:{%22origin%22:0},%22optout%22:{%22value%22:false,%22origin%22:0},%22tld%22:%22demoqa.com%22,%22topUrl%22:%22demoqa.com%22,%22version%22:160,%22origin%22:%22publishertagids%22,%22requestId%22:%220.42649999892092916%22}:13:3185
r/<@https://gum.criteo.com/syncframe?origin=publishertagids&topUrl=demoqa.com#{%22bundle%22:{%22origin%22:0},%22optout%22:{%22value%22:false,%22origin%22:0},%22tld%22:%22demoqa.com%22,%22topUrl%22:%22demoqa.com%22,%22version%22:160,%22origin%22:%22publishertagids%22,%22requestId%22:%220.42649999892092916%22}:13:3642

JavaScript error: resource://gre/modules/UpdateService.sys.mjs, line 5460: 
console.error: (new Error("Polling for changes failed: .", "resource://services-settings/remote-settings.sys.mjs", 430))
1746633290736	addons.xpi	ERROR	System addon update list error [Exception... "<no message>"  nsresult: "0x8046001e (<unknown>)"  location: "JS frame :: resource://gre/modules/ServiceRequest.sys.mjs :: open :: line 126"  data: no]
console.error: Region.sys.mjs: "Error fetching region" (new TypeError("NetworkError when attempting to fetch resource.", "resource://gre/modules/Region.sys.mjs", 734))
console.error: Region.sys.mjs: "Failed to fetch region" (new Error("NO_RESULT", "resource://gre/modules/Region.sys.mjs", 407))
